        -:    0:Source:DataObject.cpp
        -:    0:Graph:build/Debug/GNU-Linux-x86/DataObject.gcno
        -:    0:Data:build/Debug/GNU-Linux-x86/DataObject.gcda
        -:    0:Runs:3
        -:    0:Programs:1
        -:    1:///////////////////////////////////////////////////////////
        -:    2://  DataObject.cpp
        -:    3://  Implementation of the Class DataObject
        -:    4://  Created on:      07-Lie-2013 20:07:29
        -:    5://  Original author: Povilas
        -:    6:///////////////////////////////////////////////////////////
        -:    7:
        -:    8:#include "DataObject.h"
        -:    9:
        -:   10:
    #####:   11:DataObject::DataObject(){
        -:   12:
    #####:   13:    classLabel = -1;
    #####:   14:}
        -:   15:
150278902:   16:DataObject::~DataObject(){
        -:   17:
150278902:   18:}
        -:   19:
        -:   20:
        -:   21:/**
        -:   22: * Constructor that constructs an object and sets object feature count
        -:   23: */
    #####:   24:DataObject::DataObject(int feature_count){
        -:   25:
    #####:   26:    classLabel = -1;
    #####:   27:    featureCount = feature_count;
    #####:   28:}
        -:   29:
     4180:   30:DataObject::DataObject(std::vector<double> vector){
     4180:   31:    items = vector;
     4180:   32:    featureCount = items.size();
     4180:   33:}
        -:   34:
        -:   35:/**
        -:   36: * Constructor that sets feature count and class label
        -:   37: */
    #####:   38:DataObject::DataObject(int feature_count, int class_label){
        -:   39:    
    #####:   40:    featureCount = feature_count;
    #####:   41:    classLabel = class_label;
    #####:   42:}
        -:   43:
        -:   44:
    #####:   45:int DataObject::getClassLabel(){
        -:   46:
    #####:   47:	return classLabel;
        -:   48:}
        -:   49:
 75660934:   50:std::vector<double> DataObject::getItems(){
 75660934:   51:    return items;
        -:   52:}
        -:   53:
        -:   54:/**
        -:   55: * Returns feature count
        -:   56: */
 37300439:   57:int DataObject::getFeatureCount(){
        -:   58:
 37300439:   59:    return featureCount;
        -:   60:}
        -:   61:
        -:   62:
    #####:   63:void DataObject::setClassLabel(int class_Label){
    #####:   64:    classLabel = class_Label;
    #####:   65:}/*EOF*/
