        -:    0:Source:ExternalMethods.h
        -:    0:Graph:build/Debug/GNU-Linux-x86/PCA.gcno
        -:    0:Data:build/Debug/GNU-Linux-x86/PCA.gcda
        -:    0:Runs:3
        -:    0:Programs:1
        -:    1:///////////////////////////////////////////////////////////
        -:    2://  ExternalMethods.h
        -:    3://  Implementation of the Interface ExternalMethods
        -:    4://  Created on:      07-Lie-2013 20:07:30
        -:    5://  Original author: Povilas
        -:    6:///////////////////////////////////////////////////////////
        -:    7:
        -:    8:#if !defined(EA_0CF9EC4B_D778_4484_AEDE_6B5BF3207ECC__INCLUDED_)
        -:    9:#define EA_0CF9EC4B_D778_4484_AEDE_6B5BF3207ECC__INCLUDED_
        -:   10:
        -:   11:class ExternalMethods
        -:   12:{
        -:   13:
        -:   14:public:
        4:   15:	ExternalMethods() {
        -:   16:
        4:   17:	}
        -:   18:
        4:   19:	virtual ~ExternalMethods() {
        -:   20:
        4:   21:	}
        -:   22:
        -:   23:	virtual void fromDataType() =0;
        -:   24:	virtual void toDataType() =0;
        -:   25:
        -:   26:};
        -:   27:#endif // !defined(EA_0CF9EC4B_D778_4484_AEDE_6B5BF3207ECC__INCLUDED_)
